<?xml version="1.0" encoding="UTF-8"?>
<testng-results ignored="0" total="2" passed="2" failed="0" skipped="0">
  <reporter-output>
  </reporter-output>
  <suite started-at="2021-10-23T18:45:23 IST" name="Suite" finished-at="2021-10-23T18:45:37 IST" duration-ms="13539">
    <groups>
    </groups>
    <test started-at="2021-10-23T18:45:23 IST" name="Test" finished-at="2021-10-23T18:45:30 IST" duration-ms="6919">
      <class name="package1.Hometest1">
        <test-method is-config="true" signature="initialize()[pri:0, instance:package1.Hometest1@2767e23c]" started-at="2021-10-23T18:45:23 IST" name="initialize" finished-at="2021-10-23T18:45:28 IST" duration-ms="4562" status="PASS">
          <reporter-output>
          </reporter-output>
        </test-method> <!-- initialize -->
        <test-method signature="method()[pri:0, instance:package1.Hometest1@2767e23c]" started-at="2021-10-23T18:45:28 IST" name="method" finished-at="2021-10-23T18:45:30 IST" duration-ms="2242" status="PASS">
          <reporter-output>
          </reporter-output>
        </test-method> <!-- method -->
        <test-method is-config="true" signature="driverclose()[pri:0, instance:package1.Hometest1@2767e23c]" started-at="2021-10-23T18:45:30 IST" name="driverclose" finished-at="2021-10-23T18:45:30 IST" duration-ms="83" status="PASS">
          <reporter-output>
          </reporter-output>
        </test-method> <!-- driverclose -->
      </class> <!-- package1.Hometest1 -->
    </test> <!-- Test -->
    <test started-at="2021-10-23T18:45:30 IST" name="login testing" finished-at="2021-10-23T18:45:37 IST" duration-ms="6590">
      <class name="package1.LoginTest1">
        <test-method signature="method1(java.lang.String,java.lang.String)[pri:0, instance:package1.LoginTest1@6cb107fd]" started-at="2021-10-23T18:45:30 IST" name="method1" data-provider="getData" finished-at="2021-10-23T18:45:37 IST" duration-ms="6375" status="PASS">
          <params>
            <param index="0">
              <value>
                <![CDATA[firstmail@gmail.com]]>
              </value>
            </param>
            <param index="1">
              <value>
                <![CDATA[password1]]>
              </value>
            </param>
          </params>
          <reporter-output>
          </reporter-output>
        </test-method> <!-- method1 -->
        <test-method is-config="true" signature="driverclose()[pri:0, instance:package1.LoginTest1@6cb107fd]" started-at="2021-10-23T18:45:37 IST" name="driverclose" finished-at="2021-10-23T18:45:37 IST" duration-ms="205" status="PASS">
          <reporter-output>
          </reporter-output>
        </test-method> <!-- driverclose -->
      </class> <!-- package1.LoginTest1 -->
    </test> <!-- login testing -->
  </suite> <!-- Suite -->
</testng-results>
